<?xml version="1.0" encoding="UTF-8"?>
<Site BuildName="(empty)"
	BuildStamp="20231021-0103-Experimental"
	Name="JackC"
	Generator="ctest-3.10.2"
	CompilerName="/usr/bin/c++"
	CompilerVersion="7.5.0"
	OSName="Linux"
	Hostname="JackC"
	OSRelease="5.4.0-150-generic"
	OSVersion="#167~18.04.1-Ubuntu SMP Wed May 24 00:51:42 UTC 2023"
	OSPlatform="x86_64"
	Is64Bits="1"
	VendorString="GenuineIntel"
	VendorID="Intel Corporation"
	FamilyID="6"
	ModelID="141"
	ProcessorCacheSize="24576"
	NumberOfLogicalCPU="16"
	NumberOfPhysicalCPU="8"
	TotalVirtualMemory="2047"
	TotalPhysicalMemory="15728"
	LogicalProcessorsPerPhysical="2"
	ProcessorClockFrequency="3066.64"
	>
	<Testing>
		<StartDateTime>Oct 21 12:50 AEDT</StartDateTime>
		<StartTestTime>1697853047</StartTestTime>
		<TestList/>
		<EndDateTime>Oct 21 12:50 AEDT</EndDateTime>
		<EndTestTime>1697853047</EndTestTime>
		<ElapsedMinutes>0</ElapsedMinutes>
	</Testing>
</Site>
