<?xml version="1.0" encoding="UTF-8"?>
<Site BuildName="(empty)"
	BuildStamp="20230930-1202-Experimental"
	Name="JackC"
	Generator="ctest-3.10.2"
	CompilerName="/usr/bin/c++"
	CompilerVersion="7.5.0"
	OSName="Linux"
	Hostname="JackC"
	OSRelease="5.4.0-150-generic"
	OSVersion="#167~18.04.1-Ubuntu SMP Wed May 24 00:51:42 UTC 2023"
	OSPlatform="x86_64"
	Is64Bits="1"
	VendorString="GenuineIntel"
	VendorID="Intel Corporation"
	FamilyID="6"
	ModelID="141"
	ProcessorCacheSize="24576"
	NumberOfLogicalCPU="16"
	NumberOfPhysicalCPU="8"
	TotalVirtualMemory="2047"
	TotalPhysicalMemory="15728"
	LogicalProcessorsPerPhysical="2"
	ProcessorClockFrequency="2071.22"
	>
	<Testing>
		<StartDateTime>Sep 30 22:02 AEST</StartDateTime>
		<StartTestTime>1696075326</StartTestTime>
		<TestList/>
		<EndDateTime>Sep 30 22:02 AEST</EndDateTime>
		<EndTestTime>1696075326</EndTestTime>
		<ElapsedMinutes>0</ElapsedMinutes>
	</Testing>
</Site>
